{"total": {"lines":{"total":2329,"covered":851,"skipped":0,"pct":36.53},"statements":{"total":2329,"covered":851,"skipped":0,"pct":36.53},"functions":{"total":54,"covered":37,"skipped":0,"pct":68.51},"branches":{"total":176,"covered":112,"skipped":0,"pct":63.63},"branchesTrue":{"total":0,"covered":0,"skipped":0,"pct":"Unknown"}}
,"C:\\Users\\kurob\\Downloads\\SonicLab\\js\\ai.js": {"lines":{"total":479,"covered":453,"skipped":0,"pct":94.57},"functions":{"total":12,"covered":12,"skipped":0,"pct":100},"statements":{"total":479,"covered":453,"skipped":0,"pct":94.57},"branches":{"total":76,"covered":42,"skipped":0,"pct":55.26}}
,"C:\\Users\\kurob\\Downloads\\SonicLab\\js\\app.js": {"lines":{"total":175,"covered":0,"skipped":0,"pct":0},"functions":{"total":1,"covered":0,"skipped":0,"pct":0},"statements":{"total":175,"covered":0,"skipped":0,"pct":0},"branches":{"total":1,"covered":0,"skipped":0,"pct":0}}
,"C:\\Users\\kurob\\Downloads\\SonicLab\\js\\audio.js": {"lines":{"total":217,"covered":0,"skipped":0,"pct":0},"functions":{"total":1,"covered":0,"skipped":0,"pct":0},"statements":{"total":217,"covered":0,"skipped":0,"pct":0},"branches":{"total":1,"covered":0,"skipped":0,"pct":0}}
,"C:\\Users\\kurob\\Downloads\\SonicLab\\js\\capture.js": {"lines":{"total":154,"covered":0,"skipped":0,"pct":0},"functions":{"total":1,"covered":0,"skipped":0,"pct":0},"statements":{"total":154,"covered":0,"skipped":0,"pct":0},"branches":{"total":1,"covered":0,"skipped":0,"pct":0}}
,"C:\\Users\\kurob\\Downloads\\SonicLab\\js\\challenge.js": {"lines":{"total":140,"covered":0,"skipped":0,"pct":0},"functions":{"total":1,"covered":0,"skipped":0,"pct":0},"statements":{"total":140,"covered":0,"skipped":0,"pct":0},"branches":{"total":1,"covered":0,"skipped":0,"pct":0}}
,"C:\\Users\\kurob\\Downloads\\SonicLab\\js\\config.js": {"lines":{"total":12,"covered":12,"skipped":0,"pct":100},"functions":{"total":0,"covered":0,"skipped":0,"pct":100},"statements":{"total":12,"covered":12,"skipped":0,"pct":100},"branches":{"total":0,"covered":0,"skipped":0,"pct":100}}
,"C:\\Users\\kurob\\Downloads\\SonicLab\\js\\dialog.js": {"lines":{"total":198,"covered":0,"skipped":0,"pct":0},"functions":{"total":1,"covered":0,"skipped":0,"pct":0},"statements":{"total":198,"covered":0,"skipped":0,"pct":0},"branches":{"total":1,"covered":0,"skipped":0,"pct":0}}
,"C:\\Users\\kurob\\Downloads\\SonicLab\\js\\dom.js": {"lines":{"total":83,"covered":0,"skipped":0,"pct":0},"functions":{"total":1,"covered":0,"skipped":0,"pct":0},"statements":{"total":83,"covered":0,"skipped":0,"pct":0},"branches":{"total":1,"covered":0,"skipped":0,"pct":0}}
,"C:\\Users\\kurob\\Downloads\\SonicLab\\js\\dsp.js": {"lines":{"total":288,"covered":239,"skipped":0,"pct":82.98},"functions":{"total":20,"covered":18,"skipped":0,"pct":90},"statements":{"total":288,"covered":239,"skipped":0,"pct":82.98},"branches":{"total":79,"covered":62,"skipped":0,"pct":78.48}}
,"C:\\Users\\kurob\\Downloads\\SonicLab\\js\\gallery.js": {"lines":{"total":224,"covered":0,"skipped":0,"pct":0},"functions":{"total":1,"covered":0,"skipped":0,"pct":0},"statements":{"total":224,"covered":0,"skipped":0,"pct":0},"branches":{"total":1,"covered":0,"skipped":0,"pct":0}}
,"C:\\Users\\kurob\\Downloads\\SonicLab\\js\\portal.js": {"lines":{"total":164,"covered":108,"skipped":0,"pct":65.85},"functions":{"total":13,"covered":7,"skipped":0,"pct":53.84},"statements":{"total":164,"covered":108,"skipped":0,"pct":65.85},"branches":{"total":12,"covered":8,"skipped":0,"pct":66.66}}
,"C:\\Users\\kurob\\Downloads\\SonicLab\\js\\state.js": {"lines":{"total":39,"covered":39,"skipped":0,"pct":100},"functions":{"total":0,"covered":0,"skipped":0,"pct":100},"statements":{"total":39,"covered":39,"skipped":0,"pct":100},"branches":{"total":0,"covered":0,"skipped":0,"pct":100}}
,"C:\\Users\\kurob\\Downloads\\SonicLab\\js\\storage.js": {"lines":{"total":110,"covered":0,"skipped":0,"pct":0},"functions":{"total":1,"covered":0,"skipped":0,"pct":0},"statements":{"total":110,"covered":0,"skipped":0,"pct":0},"branches":{"total":1,"covered":0,"skipped":0,"pct":0}}
,"C:\\Users\\kurob\\Downloads\\SonicLab\\js\\ui.js": {"lines":{"total":46,"covered":0,"skipped":0,"pct":0},"functions":{"total":1,"covered":0,"skipped":0,"pct":0},"statements":{"total":46,"covered":0,"skipped":0,"pct":0},"branches":{"total":1,"covered":0,"skipped":0,"pct":0}}
}
