{"total": {"lines":{"total":2329,"covered":2078,"skipped":0,"pct":89.22},"statements":{"total":2329,"covered":2078,"skipped":0,"pct":89.22},"functions":{"total":93,"covered":82,"skipped":0,"pct":88.17},"branches":{"total":495,"covered":376,"skipped":0,"pct":75.95},"branchesTrue":{"total":0,"covered":0,"skipped":0,"pct":"Unknown"}}
,"C:\\Users\\kurob\\Downloads\\SonicLab\\js\\ai.js": {"lines":{"total":479,"covered":479,"skipped":0,"pct":100},"functions":{"total":12,"covered":12,"skipped":0,"pct":100},"statements":{"total":479,"covered":479,"skipped":0,"pct":100},"branches":{"total":86,"covered":62,"skipped":0,"pct":72.09}}
,"C:\\Users\\kurob\\Downloads\\SonicLab\\js\\app.js": {"lines":{"total":175,"covered":107,"skipped":0,"pct":61.14},"functions":{"total":3,"covered":0,"skipped":0,"pct":0},"statements":{"total":175,"covered":107,"skipped":0,"pct":61.14},"branches":{"total":15,"covered":11,"skipped":0,"pct":73.33}}
,"C:\\Users\\kurob\\Downloads\\SonicLab\\js\\audio.js": {"lines":{"total":217,"covered":146,"skipped":0,"pct":67.28},"functions":{"total":6,"covered":4,"skipped":0,"pct":66.66},"statements":{"total":217,"covered":146,"skipped":0,"pct":67.28},"branches":{"total":50,"covered":33,"skipped":0,"pct":66}}
,"C:\\Users\\kurob\\Downloads\\SonicLab\\js\\capture.js": {"lines":{"total":154,"covered":154,"skipped":0,"pct":100},"functions":{"total":7,"covered":7,"skipped":0,"pct":100},"statements":{"total":154,"covered":154,"skipped":0,"pct":100},"branches":{"total":37,"covered":22,"skipped":0,"pct":59.45}}
,"C:\\Users\\kurob\\Downloads\\SonicLab\\js\\challenge.js": {"lines":{"total":140,"covered":136,"skipped":0,"pct":97.14},"functions":{"total":6,"covered":6,"skipped":0,"pct":100},"statements":{"total":140,"covered":136,"skipped":0,"pct":97.14},"branches":{"total":30,"covered":25,"skipped":0,"pct":83.33}}
,"C:\\Users\\kurob\\Downloads\\SonicLab\\js\\config.js": {"lines":{"total":12,"covered":12,"skipped":0,"pct":100},"functions":{"total":0,"covered":0,"skipped":0,"pct":100},"statements":{"total":12,"covered":12,"skipped":0,"pct":100},"branches":{"total":0,"covered":0,"skipped":0,"pct":100}}
,"C:\\Users\\kurob\\Downloads\\SonicLab\\js\\dialog.js": {"lines":{"total":198,"covered":99,"skipped":0,"pct":50},"functions":{"total":9,"covered":3,"skipped":0,"pct":33.33},"statements":{"total":198,"covered":99,"skipped":0,"pct":50},"branches":{"total":41,"covered":8,"skipped":0,"pct":19.51}}
,"C:\\Users\\kurob\\Downloads\\SonicLab\\js\\dom.js": {"lines":{"total":83,"covered":83,"skipped":0,"pct":100},"functions":{"total":3,"covered":3,"skipped":0,"pct":100},"statements":{"total":83,"covered":83,"skipped":0,"pct":100},"branches":{"total":4,"covered":3,"skipped":0,"pct":75}}
,"C:\\Users\\kurob\\Downloads\\SonicLab\\js\\dsp.js": {"lines":{"total":288,"covered":284,"skipped":0,"pct":98.61},"functions":{"total":20,"covered":20,"skipped":0,"pct":100},"statements":{"total":288,"covered":284,"skipped":0,"pct":98.61},"branches":{"total":121,"covered":116,"skipped":0,"pct":95.86}}
,"C:\\Users\\kurob\\Downloads\\SonicLab\\js\\gallery.js": {"lines":{"total":224,"covered":220,"skipped":0,"pct":98.21},"functions":{"total":5,"covered":5,"skipped":0,"pct":100},"statements":{"total":224,"covered":220,"skipped":0,"pct":98.21},"branches":{"total":53,"covered":45,"skipped":0,"pct":84.9}}
,"C:\\Users\\kurob\\Downloads\\SonicLab\\js\\portal.js": {"lines":{"total":164,"covered":164,"skipped":0,"pct":100},"functions":{"total":13,"covered":13,"skipped":0,"pct":100},"statements":{"total":164,"covered":164,"skipped":0,"pct":100},"branches":{"total":23,"covered":22,"skipped":0,"pct":95.65}}
,"C:\\Users\\kurob\\Downloads\\SonicLab\\js\\state.js": {"lines":{"total":39,"covered":39,"skipped":0,"pct":100},"functions":{"total":0,"covered":0,"skipped":0,"pct":100},"statements":{"total":39,"covered":39,"skipped":0,"pct":100},"branches":{"total":0,"covered":0,"skipped":0,"pct":100}}
,"C:\\Users\\kurob\\Downloads\\SonicLab\\js\\storage.js": {"lines":{"total":110,"covered":109,"skipped":0,"pct":99.09},"functions":{"total":5,"covered":5,"skipped":0,"pct":100},"statements":{"total":110,"covered":109,"skipped":0,"pct":99.09},"branches":{"total":22,"covered":16,"skipped":0,"pct":72.72}}
,"C:\\Users\\kurob\\Downloads\\SonicLab\\js\\ui.js": {"lines":{"total":46,"covered":46,"skipped":0,"pct":100},"functions":{"total":4,"covered":4,"skipped":0,"pct":100},"statements":{"total":46,"covered":46,"skipped":0,"pct":100},"branches":{"total":13,"covered":13,"skipped":0,"pct":100}}
}
